<?xml version="1.0" encoding="UTF-8"?>
<!-- Generated by org.testng.reporters.JUnitReportReporter -->
<testsuite hostname="DESKTOP-A68GSGO" failures="0" tests="2" name="guru99Application.Guru99ApplicationTest" time="17.726" errors="0" timestamp="2024-06-23T17:50:36 EDT" skipped="0">
  <testcase classname="guru99Application.Guru99ApplicationTest" name="verifyTitleOfThePage" time="8.475"/>
  <testcase classname="guru99Application.Guru99ApplicationTest" name="verifyLogin" time="9.251"/>
</testsuite> <!-- guru99Application.Guru99ApplicationTest -->
